<?xml version="1.0" encoding="UTF-8"?>
<!-- Generated by org.testng.reporters.JUnitXMLReporter -->
<testsuite hostname="DESKTOP-8PGP3C7" ignored="0" name="Test" tests="1" failures="0" timestamp="2024-04-20T16:18:14 IST" time="20.246" errors="0">
  <testcase name="@AfterMethod afterMethod" time="0.001" classname="mvnplugin.NewTest">
    <failure type="java.lang.NullPointerException">
      <![CDATA[java.lang.NullPointerException
at mvnplugin.NewTest.afterMethod(NewTest.java:33)
at java.util.ArrayList.forEach(ArrayList.java:1257)
... Removed 32 stack frames]]>
    </failure>
  </testcase> <!-- @AfterMethod afterMethod -->
  <testcase name="f" time="20.142" classname="mvnplugin.NewTest"/>
</testsuite> <!-- Test -->
