<?xml version="1.0" encoding="UTF-8"?>
<testng-results skipped="0" failed="0" ignored="0" total="1" passed="1">
  <reporter-output>
  </reporter-output>
  <suite name="Suite" duration-ms="6369" started-at="2024-04-20T12:20:55Z" finished-at="2024-04-20T12:21:01Z">
    <groups>
    </groups>
    <test name="Test" duration-ms="6369" started-at="2024-04-20T12:20:55Z" finished-at="2024-04-20T12:21:01Z">
      <class name="mvnplugin.NewTest">
        <test-method status="PASS" signature="beforeMethod()[pri:0, instance:mvnplugin.NewTest@62e136d3]" name="beforeMethod" is-config="true" duration-ms="8" started-at="2024-04-20T17:50:55Z" finished-at="2024-04-20T17:50:55Z">
          <reporter-output>
          </reporter-output>
        </test-method> <!-- beforeMethod -->
        <test-method status="PASS" signature="f()[pri:0, instance:mvnplugin.NewTest@62e136d3]" name="f" duration-ms="6330" started-at="2024-04-20T17:50:55Z" finished-at="2024-04-20T17:51:01Z">
          <reporter-output>
          </reporter-output>
        </test-method> <!-- f -->
        <test-method status="PASS" signature="afterMethod()[pri:0, instance:mvnplugin.NewTest@62e136d3]" name="afterMethod" is-config="true" duration-ms="1" started-at="2024-04-20T17:51:01Z" finished-at="2024-04-20T17:51:01Z">
          <reporter-output>
          </reporter-output>
        </test-method> <!-- afterMethod -->
      </class> <!-- mvnplugin.NewTest -->
    </test> <!-- Test -->
  </suite> <!-- Suite -->
</testng-results>
