<?xml version="1.0" encoding="UTF-8"?>
<testng-results ignored="0" total="1" passed="1" failed="0" skipped="0">
  <reporter-output>
  </reporter-output>
  <suite started-at="2024-04-21T09:11:57Z" name="Suite" finished-at="2024-04-21T09:12:30Z" duration-ms="33410">
    <groups>
    </groups>
    <test started-at="2024-04-21T09:11:57Z" name="Test" finished-at="2024-04-21T09:12:30Z" duration-ms="33410">
      <class name="mvnplugin.NewTest">
        <test-method is-config="true" signature="beforeMethod()[pri:0, instance:mvnplugin.NewTest@5c44c582]" started-at="2024-04-21T14:41:57Z" name="beforeMethod" finished-at="2024-04-21T14:41:57Z" duration-ms="10" status="PASS">
          <reporter-output>
          </reporter-output>
        </test-method> <!-- beforeMethod -->
        <test-method signature="f()[pri:0, instance:mvnplugin.NewTest@5c44c582]" started-at="2024-04-21T14:41:57Z" name="f" finished-at="2024-04-21T14:42:30Z" duration-ms="33366" status="PASS">
          <reporter-output>
          </reporter-output>
        </test-method> <!-- f -->
        <test-method is-config="true" signature="afterMethod()[pri:0, instance:mvnplugin.NewTest@5c44c582]" started-at="2024-04-21T14:42:30Z" name="afterMethod" finished-at="2024-04-21T14:42:30Z" duration-ms="1" status="PASS">
          <reporter-output>
          </reporter-output>
        </test-method> <!-- afterMethod -->
      </class> <!-- mvnplugin.NewTest -->
    </test> <!-- Test -->
  </suite> <!-- Suite -->
</testng-results>
