<?xml version="1.0" encoding="UTF-8"?>
<testng-results skipped="0" failed="0" ignored="0" total="1" passed="1">
  <reporter-output>
  </reporter-output>
  <suite name="Default suite" duration-ms="16734" started-at="2024-04-20T16:19:04 IST" finished-at="2024-04-20T16:19:20 IST">
    <groups>
    </groups>
    <test name="Default test" duration-ms="16734" started-at="2024-04-20T16:19:04 IST" finished-at="2024-04-20T16:19:20 IST">
      <class name="mvnplugin.NewTest">
        <test-method status="PASS" signature="beforeMethod()[pri:0, instance:mvnplugin.NewTest@e874448]" name="beforeMethod" is-config="true" duration-ms="7" started-at="2024-04-20T16:19:04 IST" finished-at="2024-04-20T16:19:04 IST">
          <reporter-output>
          </reporter-output>
        </test-method> <!-- beforeMethod -->
        <test-method status="PASS" signature="f()[pri:0, instance:mvnplugin.NewTest@e874448]" name="f" duration-ms="16655" started-at="2024-04-20T16:19:04 IST" finished-at="2024-04-20T16:19:20 IST">
          <reporter-output>
          </reporter-output>
        </test-method> <!-- f -->
        <test-method status="PASS" signature="afterMethod()[pri:0, instance:mvnplugin.NewTest@e874448]" name="afterMethod" is-config="true" duration-ms="1" started-at="2024-04-20T16:19:20 IST" finished-at="2024-04-20T16:19:20 IST">
          <reporter-output>
          </reporter-output>
        </test-method> <!-- afterMethod -->
      </class> <!-- mvnplugin.NewTest -->
    </test> <!-- Default test -->
  </suite> <!-- Default suite -->
</testng-results>
