<?xml version="1.0" encoding="UTF-8"?>
<testng-results ignored="0" total="1" passed="1" failed="0" skipped="0">
  <reporter-output>
  </reporter-output>
  <suite started-at="2024-04-21T14:39:21 IST" name="Suite" finished-at="2024-04-21T14:40:03 IST" duration-ms="41833">
    <groups>
    </groups>
    <test started-at="2024-04-21T14:39:21 IST" name="Test" finished-at="2024-04-21T14:40:03 IST" duration-ms="41833">
      <class name="mvnplugin.NewTest">
        <test-method is-config="true" signature="beforeMethod()[pri:0, instance:mvnplugin.NewTest@5b03b9fe]" started-at="2024-04-21T14:39:21 IST" name="beforeMethod" finished-at="2024-04-21T14:39:21 IST" duration-ms="10" status="PASS">
          <reporter-output>
          </reporter-output>
        </test-method> <!-- beforeMethod -->
        <test-method signature="f()[pri:0, instance:mvnplugin.NewTest@5b03b9fe]" started-at="2024-04-21T14:39:21 IST" name="f" finished-at="2024-04-21T14:40:03 IST" duration-ms="41721" status="PASS">
          <reporter-output>
          </reporter-output>
        </test-method> <!-- f -->
        <test-method is-config="true" signature="afterMethod()[pri:0, instance:mvnplugin.NewTest@5b03b9fe]" started-at="2024-04-21T14:40:03 IST" name="afterMethod" finished-at="2024-04-21T14:40:03 IST" duration-ms="1" status="PASS">
          <reporter-output>
          </reporter-output>
        </test-method> <!-- afterMethod -->
      </class> <!-- mvnplugin.NewTest -->
    </test> <!-- Test -->
  </suite> <!-- Suite -->
</testng-results>
